<?xml version="1.0" encoding="UTF-8"?>
<!-- Generated by org.testng.reporters.JUnitReportReporter -->
<testsuite skipped="1" hostname="DESKTOP-V4DK160" name="enable.EnableClass" tests="3" failures="0" timestamp="2022-03-02T10:26:47 IST" time="0.022" errors="0">
  <testcase name="sample1" time="0.014" classname="enable.EnableClass"/>
  <system-out/>
  <testcase name="sample3" time="0.008" classname="enable.EnableClass"/>
  <system-out/>
  <testcase name="sample2" classname="enable.EnableClass">
    <skipped/>
  </testcase> <!-- sample2 -->
  <system-out/>
</testsuite> <!-- enable.EnableClass -->
