<?xml version="1.0" encoding="UTF-8"?>
<!-- Generated by org.testng.reporters.JUnitReportReporter -->
<testsuite skipped="0" hostname="DESKTOP-V4DK160" name="annotations.Annotations2" tests="2" failures="0" timestamp="2022-02-28T16:12:37 IST" time="0.007" errors="0">
  <testcase name="B" time="0.004" classname="annotations.Annotations2"/>
  <system-out/>
  <testcase name="A" time="0.003" classname="annotations.Annotations2"/>
  <system-out/>
</testsuite> <!-- annotations.Annotations2 -->
