<?xml version="1.0" encoding="UTF-8"?>
<!-- Generated by org.testng.reporters.JUnitReportReporter -->
<testsuite skipped="0" hostname="DESKTOP-V4DK160" name="dataprovider.DataProviderClass2" tests="4" failures="0" timestamp="2022-03-22T22:20:49 IST" time="0.015" errors="0">
  <testcase name="verifyTextBoxAcceptsTheKeyValue" time="0.001" classname="dataprovider.DataProviderClass2"/>
  <system-out/>
  <testcase name="verifyTextBoxAcceptsTheKeyValue" time="0.002" classname="dataprovider.DataProviderClass2"/>
  <system-out/>
  <testcase name="verifyTextBoxAcceptsTheKeyValue" time="0.002" classname="dataprovider.DataProviderClass2"/>
  <system-out/>
  <testcase name="verifyTextBoxAcceptsTheKeyValue" time="0.010" classname="dataprovider.DataProviderClass2"/>
  <system-out/>
</testsuite> <!-- dataprovider.DataProviderClass2 -->
