<?xml version="1.0" encoding="UTF-8"?>
<!-- Generated by org.testng.reporters.JUnitReportReporter -->
<testsuite skipped="0" hostname="DESKTOP-V4DK160" name="annotations.AnnotationsInTestNG" tests="2" failures="0" timestamp="2022-02-28T16:12:37 IST" time="0.017" errors="0">
  <testcase name="verifyNewUserCanBeAddedInSystem" time="0.012" classname="annotations.AnnotationsInTestNG"/>
  <system-out/>
  <testcase name="verifyUserCanBeEdited" time="0.005" classname="annotations.AnnotationsInTestNG"/>
  <system-out/>
</testsuite> <!-- annotations.AnnotationsInTestNG -->
