<?xml version="1.0" encoding="UTF-8"?>
<!-- Generated by org.testng.reporters.JUnitReportReporter -->
<testsuite skipped="0" hostname="DESKTOP-V4DK160" name="priority.PriorityClass" tests="3" failures="0" timestamp="2022-03-02T12:40:30 IST" time="0.022" errors="0">
  <testcase name="verifyExistingUserCanBeDeleted" time="0.015" classname="priority.PriorityClass"/>
  <system-out/>
  <testcase name="verifyNewUserCanBeAdded" time="0.004" classname="priority.PriorityClass"/>
  <system-out/>
  <testcase name="verifyExistingUserCanBeEdited" time="0.003" classname="priority.PriorityClass"/>
  <system-out/>
</testsuite> <!-- priority.PriorityClass -->
