<?xml version="1.0" encoding="UTF-8"?>
<!-- Generated by org.testng.reporters.JUnitReportReporter -->
<testsuite skipped="0" hostname="DESKTOP-V4DK160" name="screencapture.ScreenCaptureClass" tests="1" failures="0" timestamp="2022-03-05T16:06:32 IST" time="16.608" errors="0">
  <testcase name="getScreenShot" time="16.608" classname="screencapture.ScreenCaptureClass"/>
  <system-out/>
</testsuite> <!-- screencapture.ScreenCaptureClass -->
