<?xml version="1.0" encoding="UTF-8"?>
<!-- Generated by org.testng.reporters.JUnitReportReporter -->
<testsuite skipped="0" hostname="DESKTOP-V4DK160" name="brokenlink.BrokenLinkClass3" tests="1" failures="0" timestamp="2022-03-06T19:56:05 IST" time="18.980" errors="0">
  <testcase name="testLink" time="18.980" classname="brokenlink.BrokenLinkClass3"/>
  <system-out/>
</testsuite> <!-- brokenlink.BrokenLinkClass3 -->
