<?xml version="1.0" encoding="UTF-8"?>
<!-- Generated by org.testng.reporters.JUnitReportReporter -->
<testsuite skipped="0" hostname="DESKTOP-V4DK160" name="dataprovider.DataProviderClass" tests="7" failures="0" timestamp="2022-03-05T14:38:14 IST" time="0.052" errors="0">
  <testcase name="verifyTextBoxAcceptsTheString" time="0.004" classname="dataprovider.DataProviderClass"/>
  <system-out/>
  <testcase name="verifyTextBoxAcceptsTheKeyValuePair" time="0.004" classname="dataprovider.DataProviderClass"/>
  <system-out/>
  <testcase name="verifyTextBoxAcceptsTheString" time="0.004" classname="dataprovider.DataProviderClass"/>
  <system-out/>
  <testcase name="verifyTextBoxAcceptsTheKeyValuePair" time="0.008" classname="dataprovider.DataProviderClass"/>
  <system-out/>
  <testcase name="verifyTextBoxAcceptsTheKeyValuePair" time="0.020" classname="dataprovider.DataProviderClass"/>
  <system-out/>
  <testcase name="verifyTextBoxAcceptsTheString" time="0.004" classname="dataprovider.DataProviderClass"/>
  <system-out/>
  <testcase name="verifyTextBoxAcceptsTheKeyValuePair" time="0.008" classname="dataprovider.DataProviderClass"/>
  <system-out/>
</testsuite> <!-- dataprovider.DataProviderClass -->
