<?xml version="1.0" encoding="UTF-8"?>
<!-- Generated by org.testng.reporters.JUnitReportReporter -->
<testsuite skipped="0" hostname="DESKTOP-V4DK160" name="brokenlink.BrokenLinkClass5" tests="1" failures="0" timestamp="2022-03-06T20:24:41 IST" time="44.982" errors="0">
  <testcase name="testLink" time="44.982" classname="brokenlink.BrokenLinkClass5"/>
  <system-out/>
</testsuite> <!-- brokenlink.BrokenLinkClass5 -->
