<?xml version="1.0" encoding="UTF-8"?>
<!-- Generated by org.testng.reporters.JUnitReportReporter -->
<testsuite skipped="0" hostname="DESKTOP-V4DK160" name="assertionsintestng.AssertionClass3" tests="2" failures="0" timestamp="2022-03-01T10:20:01 IST" time="0.015" errors="0">
  <testcase name="B" time="0.000" classname="assertionsintestng.AssertionClass3"/>
  <system-out/>
  <testcase name="A" time="0.015" classname="assertionsintestng.AssertionClass3"/>
  <system-out/>
</testsuite> <!-- assertionsintestng.AssertionClass3 -->
