<?xml version="1.0" encoding="UTF-8"?>
<!-- Generated by org.testng.reporters.JUnitReportReporter -->
<testsuite skipped="0" hostname="DESKTOP-V4DK160" name="dependenttestcases.DependentClass2" tests="3" failures="0" timestamp="2022-03-02T13:00:43 IST" time="0.019" errors="0">
  <testcase name="verifyExistingUserCanBeEdited" time="0.002" classname="dependenttestcases.DependentClass2"/>
  <system-out/>
  <testcase name="verifyExistingUserCanBeDeleted" time="0.012" classname="dependenttestcases.DependentClass2"/>
  <system-out/>
  <testcase name="verifyNewUserCanBeAdded" time="0.005" classname="dependenttestcases.DependentClass2"/>
  <system-out/>
</testsuite> <!-- dependenttestcases.DependentClass2 -->
