<?xml version="1.0" encoding="UTF-8"?>
<!-- Generated by org.testng.reporters.JUnitReportReporter -->
<testsuite skipped="0" hostname="DESKTOP-V4DK160" name="brokenlink.BrokenLinkClass" tests="1" failures="0" timestamp="2022-03-05T23:08:51 IST" time="2.700" errors="0">
  <testcase name="testLink" time="2.700" classname="brokenlink.BrokenLinkClass"/>
  <system-out/>
</testsuite> <!-- brokenlink.BrokenLinkClass -->
