<?xml version="1.0" encoding="UTF-8"?>
<!-- Generated by org.testng.reporters.JUnitReportReporter -->
<testsuite skipped="0" hostname="DESKTOP-V4DK160" name="dependenttestcases.DependentClass" tests="3" failures="0" timestamp="2022-03-02T12:51:23 IST" time="0.015" errors="0">
  <testcase name="verifyNewUserCanBeAdded" time="0.002" classname="dependenttestcases.DependentClass"/>
  <system-out/>
  <testcase name="verifyExistingUserCanBeEdited" time="0.012" classname="dependenttestcases.DependentClass"/>
  <system-out/>
  <testcase name="verifyExistingUserCanBeDeleted" time="0.001" classname="dependenttestcases.DependentClass"/>
  <system-out/>
</testsuite> <!-- dependenttestcases.DependentClass -->
