<?xml version="1.0" encoding="UTF-8"?>
<!-- Generated by org.testng.reporters.JUnitReportReporter -->
<testsuite skipped="0" hostname="DESKTOP-V4DK160" name="brokenlink.BrokenLinkClass2" tests="1" failures="0" timestamp="2022-03-05T23:18:13 IST" time="25.517" errors="0">
  <testcase name="testLink" time="25.517" classname="brokenlink.BrokenLinkClass2"/>
  <system-out/>
</testsuite> <!-- brokenlink.BrokenLinkClass2 -->
